<?xml version="1.0" encoding="UTF-8"?>
<!-- Generated by org.testng.reporters.JUnitReportReporter -->
<testsuite hostname="LAPTOP-9RRIAG2H" failures="0" tests="2" name="basics.PostRequestUsingExternalJson" time="2.380" errors="0" timestamp="2025-10-18T10:47:06 IST" skipped="0">
  <testcase classname="basics.PostRequestUsingExternalJson" name="addStudent" time="2.336"/>
  <testcase classname="basics.PostRequestUsingExternalJson" name="deleteStudent" time="0.044"/>
</testsuite> <!-- basics.PostRequestUsingExternalJson -->
