<?xml version="1.0" encoding="UTF-8"?>
<!-- Generated by org.testng.reporters.JUnitReportReporter -->
<testsuite hostname="LAPTOP-9RRIAG2H" failures="0" tests="1" name="basics.PostRequestUsingJson" time="2.991" errors="0" timestamp="2025-10-18T10:11:08 IST" skipped="0">
  <testcase classname="basics.PostRequestUsingJson" name="deleteStudent" time="2.991"/>
</testsuite> <!-- basics.PostRequestUsingJson -->
