<?xml version="1.0" encoding="UTF-8"?>
<!-- Generated by org.testng.reporters.JUnitReportReporter -->
<testsuite hostname="LAPTOP-9RRIAG2H" failures="0" tests="1" name="basics.QueryAndPathParameters" time="3.846" errors="0" timestamp="2025-10-19T11:54:11 IST" skipped="0">
  <testcase classname="basics.QueryAndPathParameters" name="usingQueryAndPathParameters" time="3.846"/>
</testsuite> <!-- basics.QueryAndPathParameters -->
