<?xml version="1.0" encoding="UTF-8"?>
<!-- Generated by org.testng.reporters.JUnitReportReporter -->
<testsuite hostname="LAPTOP-9RRIAG2H" failures="0" tests="2" name="basics.PostRequestTypes" time="4.881" errors="0" timestamp="2025-10-18T09:43:41 IST" skipped="0">
  <testcase classname="basics.PostRequestTypes" name="addStudent" time="4.808"/>
  <testcase classname="basics.PostRequestTypes" name="deleteStudent" time="0.073"/>
</testsuite> <!-- basics.PostRequestTypes -->
