<?xml version="1.0" encoding="UTF-8"?>
<!-- Generated by org.testng.reporters.JUnitReportReporter -->
<testsuite hostname="LAPTOP-9RRIAG2H" failures="0" tests="1" name="basics.Logging" time="4.348" errors="0" timestamp="2025-10-19T12:40:51 IST" skipped="0">
  <testcase classname="basics.Logging" name="getLogs" time="4.348"/>
</testsuite> <!-- basics.Logging -->
