<?xml version="1.0" encoding="UTF-8"?>
<!-- Generated by org.testng.reporters.JUnitReportReporter -->
<testsuite hostname="LAPTOP-9RRIAG2H" failures="0" tests="1" name="basics.HttpRequests" time="3.447" errors="0" timestamp="2025-10-19T10:47:14 IST" skipped="0">
  <testcase classname="basics.HttpRequests" name="getUsers" time="3.447"/>
</testsuite> <!-- basics.HttpRequests -->
