<?xml version="1.0" encoding="UTF-8"?>
<!-- Generated by org.testng.reporters.JUnitReportReporter -->
<testsuite hostname="LAPTOP-9RRIAG2H" failures="0" tests="2" name="basics.PostRequestUsingPojo" time="2.483" errors="0" timestamp="2025-10-18T10:30:06 IST" skipped="0">
  <testcase classname="basics.PostRequestUsingPojo" name="addStudent" time="2.442"/>
  <testcase classname="basics.PostRequestUsingPojo" name="deleteStudent" time="0.041"/>
</testsuite> <!-- basics.PostRequestUsingPojo -->
