<?xml version="1.0" encoding="UTF-8"?>
<!-- Generated by org.testng.reporters.JUnitReportReporter -->
<testsuite hostname="LAPTOP-9RRIAG2H" failures="0" tests="1" name="basics.ParseJsonBody" time="2.222" errors="0" timestamp="2025-10-21T09:56:51 IST" skipped="0">
  <testcase classname="basics.ParseJsonBody" name="parsingJsonBody" time="2.222"/>
</testsuite> <!-- basics.ParseJsonBody -->
