<?xml version="1.0" encoding="UTF-8"?>
<!-- Generated by org.testng.reporters.JUnitReportReporter -->
<testsuite hostname="LAPTOP-9RRIAG2H" failures="0" tests="1" name="basics.Headers" time="4.589" errors="0" timestamp="2025-10-19T12:26:21 IST" skipped="0">
  <testcase classname="basics.Headers" name="getAllHeaders" time="4.589"/>
</testsuite> <!-- basics.Headers -->
