<?xml version="1.0" encoding="UTF-8"?>
<!-- Generated by org.testng.reporters.JUnitReportReporter -->
<testsuite hostname="LAPTOP-9RRIAG2H" failures="0" tests="1" name="basics.Cookies" time="3.614" errors="0" timestamp="2025-10-19T12:01:52 IST" skipped="0">
  <testcase classname="basics.Cookies" name="getCookies" time="3.614"/>
</testsuite> <!-- basics.Cookies -->
